<?xml version="1.0" encoding="UTF-8" standalone="no"?>
<testsuite errors="0" failures="1" name="io.cucumber.core.plugin.JUnitFormatter" skipped="0" tests="1" time="89.091">
    <testcase classname="Feature to test End to End Flow" name="To check the if End to End Flow is working as expected for a order" time="88.947">
        <failure message="no such element: Unable to locate element: {&quot;method&quot;:&quot;xpath&quot;,&quot;selector&quot;:&quot;//span[@style='background: #f57041;color: #fff;padding: 4px 6px 4px 6px;border-radius: 50%;font-size: 10px;position: relative;left: -9px;top: -9px;font-weight: 900;']&quot;}&#10;  (Session info: chrome=99.0.4844.84)&#10;For documentation on this error, please visit: https://selenium.dev/exceptions/#no_such_element&#10;Build info: version: '4.1.2', revision: '9a5a329c5a'&#10;System info: host: 'LAPTOP-URPMHUEG', ip: '192.168.68.168', os.name: 'Windows 10', os.arch: 'amd64', os.version: '10.0', java.version: '16.0.1'&#10;Driver info: org.openqa.selenium.chrome.ChromeDriver&#10;Command: [aca9ca382e43b99d2a8c2fb22f5136b4, findElement {using=xpath, value=//span[@style='background: #f57041;color: #fff;padding: 4px 6px 4px 6px;border-radius: 50%;font-size: 10px;position: relative;left: -9px;top: -9px;font-weight: 900;']}]&#10;Capabilities {acceptInsecureCerts: false, browserName: chrome, browserVersion: 99.0.4844.84, chrome: {chromedriverVersion: 99.0.4844.51 (d537ec02474b5..., userDataDir: C:\Users\suryakc\AppData\Lo...}, goog:chromeOptions: {debuggerAddress: localhost:53621}, javascriptEnabled: true, networkConnectionEnabled: false, pageLoadStrategy: normal, platform: WINDOWS, platformName: WINDOWS, proxy: Proxy(), se:cdp: ws://localhost:53621/devtoo..., se:cdpVersion: 99.0.4844.84, setWindowRect: true, strictFileInteractability: false, timeouts: {implicit: 0, pageLoad: 300000, script: 30000}, unhandledPromptBehavior: dismiss and notify, webauthn:extension:credBlob: true, webauthn:extension:largeBlob: true, webauthn:virtualAuthenticators: true}&#10;Session ID: aca9ca382e43b99d2a8c2fb22f5136b4" type="org.openqa.selenium.NoSuchElementException"><![CDATA[Given user is on login page.................................................passed
When user enters user name "suryakc1999@gmail.com" and password "surya@123".passed
And clicks on login button..................................................passed
Then user is navigated to the home page.....................................passed
And user verifies if item is in cart........................................failed
When user hovers on power tools link........................................skipped
And hovers on drills link and click on that.................................skipped
Then user is navigated to drills page.......................................skipped
When user clicks on a product...............................................skipped
Then user is navigated to the products page.................................skipped
When user increases the quantity of the product.............................skipped
And clicks on Add to Cart button............................................skipped
Then user is navigated to art page..........................................skipped
When user clicks on Place Order button......................................skipped
Then user is navigated to Checkout page.....................................skipped
When user clicks on continue button.........................................skipped
And user selects the radio button of credit & debit cards/ Net Banking/ EMI.skipped
And clicks on Place order button............................................skipped
Then user is navigated to Payment gateway page..............................skipped
When user scrolls down and clicks on netbanking option......................skipped
And selects the bank option.................................................skipped
And clicks on Pay button....................................................skipped
Then user is navigated to confirmation page.................................skipped
When user clicks on Success button..........................................skipped
Then order is placed........................................................skipped

StackTrace:
org.openqa.selenium.NoSuchElementException: no such element: Unable to locate element: {"method":"xpath","selector":"//span[@style='background: #f57041;color: #fff;padding: 4px 6px 4px 6px;border-radius: 50%;font-size: 10px;position: relative;left: -9px;top: -9px;font-weight: 900;']"}
  (Session info: chrome=99.0.4844.84)
For documentation on this error, please visit: https://selenium.dev/exceptions/#no_such_element
Build info: version: '4.1.2', revision: '9a5a329c5a'
System info: host: 'LAPTOP-URPMHUEG', ip: '192.168.68.168', os.name: 'Windows 10', os.arch: 'amd64', os.version: '10.0', java.version: '16.0.1'
Driver info: org.openqa.selenium.chrome.ChromeDriver
Command: [aca9ca382e43b99d2a8c2fb22f5136b4, findElement {using=xpath, value=//span[@style='background: #f57041;color: #fff;padding: 4px 6px 4px 6px;border-radius: 50%;font-size: 10px;position: relative;left: -9px;top: -9px;font-weight: 900;']}]
Capabilities {acceptInsecureCerts: false, browserName: chrome, browserVersion: 99.0.4844.84, chrome: {chromedriverVersion: 99.0.4844.51 (d537ec02474b5..., userDataDir: C:\Users\suryakc\AppData\Lo...}, goog:chromeOptions: {debuggerAddress: localhost:53621}, javascriptEnabled: true, networkConnectionEnabled: false, pageLoadStrategy: normal, platform: WINDOWS, platformName: WINDOWS, proxy: Proxy(), se:cdp: ws://localhost:53621/devtoo..., se:cdpVersion: 99.0.4844.84, setWindowRect: true, strictFileInteractability: false, timeouts: {implicit: 0, pageLoad: 300000, script: 30000}, unhandledPromptBehavior: dismiss and notify, webauthn:extension:credBlob: true, webauthn:extension:largeBlob: true, webauthn:virtualAuthenticators: true}
Session ID: aca9ca382e43b99d2a8c2fb22f5136b4
	at java.base/jdk.internal.reflect.NativeConstructorAccessorImpl.newInstance0(Native Method)
	at java.base/jdk.internal.reflect.NativeConstructorAccessorImpl.newInstance(NativeConstructorAccessorImpl.java:78)
	at java.base/jdk.internal.reflect.DelegatingConstructorAccessorImpl.newInstance(DelegatingConstructorAccessorImpl.java:45)
	at java.base/java.lang.reflect.Constructor.newInstanceWithCaller(Constructor.java:499)
	at java.base/java.lang.reflect.Constructor.newInstance(Constructor.java:480)
	at org.openqa.selenium.remote.codec.w3c.W3CHttpResponseCodec.createException(W3CHttpResponseCodec.java:200)
	at org.openqa.selenium.remote.codec.w3c.W3CHttpResponseCodec.decode(W3CHttpResponseCodec.java:133)
	at org.openqa.selenium.remote.codec.w3c.W3CHttpResponseCodec.decode(W3CHttpResponseCodec.java:53)
	at org.openqa.selenium.remote.HttpCommandExecutor.execute(HttpCommandExecutor.java:184)
	at org.openqa.selenium.remote.service.DriverCommandExecutor.invokeExecute(DriverCommandExecutor.java:167)
	at org.openqa.selenium.remote.service.DriverCommandExecutor.execute(DriverCommandExecutor.java:142)
	at org.openqa.selenium.remote.RemoteWebDriver.execute(RemoteWebDriver.java:558)
	at org.openqa.selenium.remote.ElementLocation$ElementFinder$2.findElement(ElementLocation.java:162)
	at org.openqa.selenium.remote.ElementLocation.findElement(ElementLocation.java:60)
	at org.openqa.selenium.remote.RemoteWebDriver.findElement(RemoteWebDriver.java:382)
	at org.openqa.selenium.remote.RemoteWebDriver.findElement(RemoteWebDriver.java:374)
	at org.openqa.selenium.support.pagefactory.DefaultElementLocator.findElement(DefaultElementLocator.java:70)
	at org.openqa.selenium.support.pagefactory.internal.LocatingElementHandler.invoke(LocatingElementHandler.java:39)
	at jdk.proxy2/jdk.proxy2.$Proxy23.click(Unknown Source)
	at stepdefination.SdLoginRe.user_verifies_if_item_is_in_cart(SdLoginRe.java:59)
	at âœ½.user verifies if item is in cart(file:///C:/work/work_space/CucumberSDEndToEndFlow/src/test/resources/Feature/EndToEnd.feature:11)
]]></failure>
    </testcase>
</testsuite>
